<?xml version="1.0" encoding="UTF-8"?>
<!-- Generated by org.testng.reporters.JUnitReportReporter -->
<testsuite skipped="0" hostname="DESKTOP-0T2OPP2" name="practice.testng.examples.IntellijSmokeTest" tests="1" failures="0" timestamp="2020-01-31T09:25:12 IST" time="38.693" errors="0">
  <testcase name="test" time="38.693" classname="practice.testng.examples.IntellijSmokeTest"/>
</testsuite> <!-- practice.testng.examples.IntellijSmokeTest -->
